Окружение на момент начала сборки:
ALLUSERSPROFILE = C:\ProgramData
APPDATA = C:\Users\Feelan\AppData\Roaming
CommonProgramFiles = C:\Program Files (x86)\Common Files
CommonProgramFiles(x86) = C:\Program Files (x86)\Common Files
CommonProgramW6432 = C:\Program Files\Common Files
COMPUTERNAME = DESKTOP-Q9NF0IH
ComSpec = C:\WINDOWS\system32\cmd.exe
DriverData = C:\Windows\System32\Drivers\DriverData
FPS_BROWSER_APP_PROFILE_STRING = Internet Explorer
FPS_BROWSER_USER_PROFILE_STRING = Default
HOMEDRIVE = C:
HOMEPATH = \Users\Feelan
JAVA_HOME = C:\Program Files\Java\jdk-12.0.1
KMP_DUPLICATE_LIB_OK = TRUE
LOCALAPPDATA = C:\Users\Feelan\AppData\Local
LOGONSERVER = \\DESKTOP-Q9NF0IH
MKL_SERIAL = YES
MSBuildLoadMicrosoftTargetsReadOnly = true
MSMPI_BENCHMARKS = C:\Program Files\Microsoft MPI\Benchmarks\
MSMPI_BIN = C:\Program Files\Microsoft MPI\Bin\
MSMPI_INC = C:\Program Files (x86)\Microsoft SDKs\MPI\Include\
MSMPI_LIB32 = C:\Program Files (x86)\Microsoft SDKs\MPI\Lib\x86\
MSMPI_LIB64 = C:\Program Files (x86)\Microsoft SDKs\MPI\Lib\x64\
NUMBER_OF_PROCESSORS = 8
OneDrive = C:\Users\Feelan\OneDrive
OS = Windows_NT
Path = C:\Program Files\Eclipse Foundation\jdk-8.0.302.8-hotspot\bin;C:\Program Files\Common Files\Oracle\Java\javapath;C:\Program Files\Microsoft MPI\Bin\;C:\PROGRA~2\Borland\CBUILD~1\Bin;C:\PROGRA~2\Borland\CBUILD~1\Projects\Bpl;C:\Program Files (x86)\Common Files\Oracle\Java\javapath;C:\ProgramData\Oracle\Java\javapath;C:\Program Files (x86)\Intel\Intel(R) Management Engine Components\iCLS\;C:\Program Files\Intel\Intel(R) Management Engine Components\iCLS\;C:\Windows\system32;C:\Windows;C:\Windows\System32\Wbem;C:\Windows\System32\WindowsPowerShell\v1.0\;C:\Windows\System32\OpenSSH\;C:\Program Files (x86)\NVIDIA Corporation\PhysX\Common;C:\Program Files (x86)\Intel\Intel(R) Management Engine Components\DAL;C:\Program Files\Intel\Intel(R) Management Engine Components\DAL;C:\Program Files (x86)\Intel\Intel(R) Management Engine Components\IPT;C:\Program Files\Intel\Intel(R) Management Engine Components\IPT;C:\Program Files\Intel\WiFi\bin\;C:\Program Files\Common Files\Intel\WirelessCommon\;C:\WINDOWS\system32;C:\WINDOWS;C:\WINDOWS\System32\Wbem;C:\WINDOWS\System32\WindowsPowerShell\v1.0\;C:\WINDOWS\System32\OpenSSH\;C:\Program Files\MATLAB\R2019b\bin;C:\Program Files\Microsoft SQL Server\Client SDK\ODBC\130\Tools\Binn\;C:\Program Files (x86)\Microsoft SQL Server\140\Tools\Binn\;C:\Program Files\Microsoft SQL Server\140\Tools\Binn\;C:\Program Files\Microsoft SQL Server\140\DTS\Binn\;C:\Program Files (x86)\Microsoft SQL Server\150\DTS\Binn\;C:\Program Files\Azure Data Studio\bin;C:\Program Files\Git\cmd;C:\Program Files\dotnet\;C:\Users\Feelan\AppData\Local\Programs\Python\Python38-32\Scripts\;C:\Users\Feelan\AppData\Local\Programs\Python\Python38-32\;C:\Users\Feelan\AppData\Local\Microsoft\WindowsApps;C:\Users\Feelan\AppData\Local\atom\bin;C:\Program Files\Java\jdk-12.0.1\bin;C:\Users\Feelan\AppData\Local\Microsoft\WindowsApps;C:\Program Files\JetBrains\PyCharm 2020.1\bin;;C:\Users\Feelan\AppData\Local\GitHubDesktop\bin;C:\Program Files\Azure Data Studio\bin;C:\Users\Feelan\AppData\Local\Programs\Microsoft VS Code\bin;C:\Users\Feelan\.dotnet\tools
PATHEXT = .COM;.EXE;.BAT;.CMD;.VBS;.VBE;.JS;.JSE;.WSF;.WSH;.MSC
PkgDefApplicationConfigFile = C:\Users\Feelan\AppData\Local\Microsoft\VisualStudio\16.0_a8ae1497\devenv.exe.config
PROCESSOR_ARCHITECTURE = x86
PROCESSOR_ARCHITEW6432 = AMD64
PROCESSOR_IDENTIFIER = Intel64 Family 6 Model 158 Stepping 10, GenuineIntel
PROCESSOR_LEVEL = 6
PROCESSOR_REVISION = 9e0a
ProgramData = C:\ProgramData
ProgramFiles = C:\Program Files (x86)
ProgramFiles(x86) = C:\Program Files (x86)
ProgramW6432 = C:\Program Files
PSModulePath = C:\Program Files\WindowsPowerShell\Modules;C:\WINDOWS\system32\WindowsPowerShell\v1.0\Modules;C:\Program Files (x86)\Microsoft SQL Server\140\Tools\PowerShell\Modules\
PUBLIC = C:\Users\Public
PyCharm = C:\Program Files\JetBrains\PyCharm 2020.1\bin;
ServiceHubLogSessionKey = F111EB55
SESSIONNAME = Console
SystemDrive = C:
SystemRoot = C:\WINDOWS
TEMP = C:\Users\Feelan\AppData\Local\Temp
ThreadedWaitDialogDpiContext = -4
TMP = C:\Users\Feelan\AppData\Local\Temp
USERDOMAIN = DESKTOP-Q9NF0IH
USERDOMAIN_ROAMINGPROFILE = DESKTOP-Q9NF0IH
USERNAME = Feelan
USERPROFILE = C:\Users\Feelan
VBROKERDIR = C:\Inprise\vbroker
VisualStudioDir = C:\Users\Feelan\Documents\Visual Studio 2019
VisualStudioEdition = Microsoft Visual Studio Community 2019
VisualStudioVersion = 16.0
VSAPPIDDIR = C:\Program Files (x86)\Microsoft Visual Studio\2019\Community\Common7\IDE\
VSAPPIDNAME = devenv.exe
VSLANG = 1049
VSLS_SESSION_KEEPALIVE_INTERVAL = 0
VSSKUEDITION = Community
windir = C:\WINDOWS
ZES_ENABLE_SYSMAN = 1

  ConsoleApplication1.cpp
  ConsoleApplication1.vcxproj -> C:\Users\Feelan\Desktop\Заказ\ConsoleApplication1\Debug\ConsoleApplication1.exe
